d:\projects\cpp\thomas was late\thomas was late\x64\debug\vc142.pdb
d:\projects\cpp\thomas was late\thomas was late\x64\debug\vc142.idb
d:\projects\cpp\thomas was late\thomas was late\x64\debug\twl.obj
d:\projects\cpp\thomas was late\thomas was late\x64\debug\textureholder.obj
d:\projects\cpp\thomas was late\thomas was late\x64\debug\update.obj
d:\projects\cpp\thomas was late\thomas was late\x64\debug\input.obj
d:\projects\cpp\thomas was late\thomas was late\x64\debug\engine.obj
d:\projects\cpp\thomas was late\thomas was late\x64\debug\draw.obj
d:\projects\cpp\thomas was late\thomas was late\x64\debug\thomas.obj
d:\projects\cpp\thomas was late\thomas was late\x64\debug\playablecharacter.obj
d:\projects\cpp\thomas was late\thomas was late\x64\debug\bob.obj
d:\projects\cpp\thomas was late\thomas was late\x64\debug\loadlevel.obj
d:\projects\cpp\thomas was late\thomas was late\x64\debug\levelmanager.obj
d:\projects\cpp\thomas was late\x64\debug\thomas was late.ilk
d:\projects\cpp\thomas was late\x64\debug\thomas was late.exe
d:\projects\cpp\thomas was late\x64\debug\thomas was late.pdb
d:\projects\cpp\thomas was late\thomas was late\x64\debug\thomas was late.tlog\cl.command.1.tlog
d:\projects\cpp\thomas was late\thomas was late\x64\debug\thomas was late.tlog\cl.read.1.tlog
d:\projects\cpp\thomas was late\thomas was late\x64\debug\thomas was late.tlog\cl.write.1.tlog
d:\projects\cpp\thomas was late\thomas was late\x64\debug\thomas was late.tlog\link.command.1.tlog
d:\projects\cpp\thomas was late\thomas was late\x64\debug\thomas was late.tlog\link.read.1.tlog
d:\projects\cpp\thomas was late\thomas was late\x64\debug\thomas was late.tlog\link.write.1.tlog
